[2026-04-02T19:20:38.214Z] /v1/chat/completions POST received, headers: {"accept":"*/*","accept-encoding":"gzip, deflate","accept-language":"*","authorization":"Bearer sk-b3a3bc62424af4a4-h4on9e-d3eacac8","connection":"keep-alive","content-length":"103","content-type":"application/json","host":"localhost:20129","sec-fetch-mode":"cors","user-agent":"node","x-forwarded-for":"::1","x-forwarded-host":"localhost:20129","x-forwarded-port":"20129","x-forwarded-proto":"http"}
[2026-04-02T19:20:38.219Z] [SSE] Translators initialized
[2026-04-02T19:20:41.840Z] handleChat returned, success: true
[2026-04-02T19:22:19.889Z] /v1/chat/completions POST received, headers: {"accept":"*/*","accept-encoding":"gzip, deflate","accept-language":"*","authorization":"Bearer sk-b3a3bc62424af4a4-h4on9e-d3eacac8","connection":"keep-alive","content-length":"103","content-type":"application/json","host":"localhost:20129","sec-fetch-mode":"cors","user-agent":"node","x-forwarded-for":"::1","x-forwarded-host":"localhost:20129","x-forwarded-port":"20129","x-forwarded-proto":"http"}
[2026-04-02T19:22:19.896Z] [SSE] Translators initialized
[2026-04-02T19:22:25.625Z] handleChat returned, success: true
[2026-04-02T19:23:37.082Z] /v1/chat/completions POST received, headers: {"accept":"*/*","accept-encoding":"gzip, deflate","accept-language":"*","authorization":"Bearer sk-b3a3bc62424af4a4-h4on9e-d3eacac8","connection":"keep-alive","content-length":"103","content-type":"application/json","host":"localhost:20129","sec-fetch-mode":"cors","user-agent":"node","x-forwarded-for":"::1","x-forwarded-host":"localhost:20129","x-forwarded-port":"20129","x-forwarded-proto":"http"}
[2026-04-02T19:23:37.093Z] [SSE] Translators initialized
[2026-04-02T19:23:40.598Z] handleChat returned, success: true
[2026-04-02T19:24:49.998Z] /v1/chat/completions POST received, headers: {"accept":"*/*","accept-encoding":"gzip, deflate","accept-language":"*","authorization":"Bearer sk-b3a3bc62424af4a4-h4on9e-d3eacac8","connection":"keep-alive","content-length":"103","content-type":"application/json","host":"localhost:20129","sec-fetch-mode":"cors","user-agent":"node","x-forwarded-for":"::1","x-forwarded-host":"localhost:20129","x-forwarded-port":"20129","x-forwarded-proto":"http"}
[2026-04-02T19:24:50.007Z] [SSE] Translators initialized
[2026-04-02T19:24:54.428Z] handleChat returned, success: true
[2026-04-02T19:25:20.490Z] /v1/chat/completions POST received, headers: {"accept":"*/*","accept-encoding":"gzip, deflate","accept-language":"*","authorization":"Bearer sk-b3a3bc62424af4a4-h4on9e-d3eacac8","connection":"keep-alive","content-length":"103","content-type":"application/json","host":"localhost:20129","sec-fetch-mode":"cors","user-agent":"node","x-forwarded-for":"::1","x-forwarded-host":"localhost:20129","x-forwarded-port":"20129","x-forwarded-proto":"http"}
[2026-04-02T19:25:20.499Z] [SSE] Translators initialized
[2026-04-02T19:25:22.627Z] handleChat returned, success: true
[2026-04-02T19:26:11.040Z] /v1/chat/completions POST received, headers: {"accept":"*/*","accept-encoding":"gzip, deflate","accept-language":"*","authorization":"Bearer sk-b3a3bc62424af4a4-h4on9e-d3eacac8","connection":"keep-alive","content-length":"103","content-type":"application/json","host":"localhost:20129","sec-fetch-mode":"cors","user-agent":"node","x-forwarded-for":"::1","x-forwarded-host":"localhost:20129","x-forwarded-port":"20129","x-forwarded-proto":"http"}
[2026-04-02T19:26:11.049Z] [SSE] Translators initialized
[2026-04-02T19:26:16.339Z] handleChat returned, success: true
[2026-04-02T19:28:02.500Z] /v1/chat/completions POST received, headers: {"accept":"*/*","accept-encoding":"gzip, deflate","accept-language":"*","authorization":"Bearer sk-b3a3bc62424af4a4-h4on9e-d3eacac8","connection":"keep-alive","content-length":"103","content-type":"application/json","host":"localhost:20129","sec-fetch-mode":"cors","user-agent":"node","x-forwarded-for":"::1","x-forwarded-host":"localhost:20129","x-forwarded-port":"20129","x-forwarded-proto":"http"}
[2026-04-02T19:28:02.509Z] [SSE] Translators initialized
[2026-04-02T19:28:05.767Z] handleChat returned, success: true
[2026-04-02T19:30:31.629Z] /v1/chat/completions POST received, headers: {"accept":"*/*","accept-encoding":"gzip, deflate","accept-language":"*","authorization":"Bearer sk-b3a3bc62424af4a4-h4on9e-d3eacac8","connection":"keep-alive","content-length":"103","content-type":"application/json","host":"localhost:20129","sec-fetch-mode":"cors","user-agent":"node","x-forwarded-for":"::1","x-forwarded-host":"localhost:20129","x-forwarded-port":"20129","x-forwarded-proto":"http"}
[2026-04-02T19:30:31.638Z] [SSE] Translators initialized
[2026-04-02T19:30:38.438Z] handleChat returned, success: true
[2026-04-02T19:36:15.637Z] /v1/chat/completions POST received, headers: {"accept":"*/*","accept-encoding":"gzip, deflate","accept-language":"*","authorization":"Bearer sk-b3a3bc62424af4a4-h4on9e-d3eacac8","connection":"keep-alive","content-length":"103","content-type":"application/json","host":"localhost:20129","sec-fetch-mode":"cors","user-agent":"node","x-forwarded-for":"::1","x-forwarded-host":"localhost:20129","x-forwarded-port":"20129","x-forwarded-proto":"http"}
[2026-04-02T19:36:15.646Z] [SSE] Translators initialized
[2026-04-02T19:36:18.243Z] handleChat returned, success: false
[2026-04-02T19:36:25.082Z] /v1/chat/completions POST received, headers: {"accept":"*/*","accept-encoding":"gzip, deflate","accept-language":"*","authorization":"Bearer sk-b3a3bc62424af4a4-h4on9e-d3eacac8","connection":"keep-alive","content-length":"103","content-type":"application/json","host":"localhost:20129","sec-fetch-mode":"cors","user-agent":"node","x-forwarded-for":"::1","x-forwarded-host":"localhost:20129","x-forwarded-port":"20129","x-forwarded-proto":"http"}
[2026-04-02T19:36:25.096Z] handleChat returned, success: false
[2026-04-02T19:36:58.990Z] /v1/chat/completions POST received, headers: {"accept":"*/*","accept-encoding":"gzip, deflate","accept-language":"*","authorization":"Bearer sk-b3a3bc62424af4a4-h4on9e-d3eacac8","connection":"keep-alive","content-length":"125","content-type":"application/json","host":"localhost:20129","sec-fetch-mode":"cors","user-agent":"node","x-forwarded-for":"::1","x-forwarded-host":"localhost:20129","x-forwarded-port":"20129","x-forwarded-proto":"http"}
[2026-04-02T19:36:58.998Z] handleChat returned, success: false
[2026-04-02T19:36:59.013Z] /v1/chat/completions POST received, headers: {"accept":"*/*","accept-encoding":"gzip, deflate","accept-language":"*","authorization":"Bearer sk-b3a3bc62424af4a4-h4on9e-d3eacac8","connection":"keep-alive","content-length":"99","content-type":"application/json","host":"localhost:20129","sec-fetch-mode":"cors","user-agent":"node","x-forwarded-for":"::1","x-forwarded-host":"localhost:20129","x-forwarded-port":"20129","x-forwarded-proto":"http"}
[2026-04-02T19:36:59.022Z] handleChat returned, success: false
[2026-04-02T19:37:04.044Z] /v1/chat/completions POST received, headers: {"accept":"*/*","accept-encoding":"gzip, deflate","accept-language":"*","authorization":"Bearer sk-b3a3bc62424af4a4-h4on9e-d3eacac8","connection":"keep-alive","content-length":"103","content-type":"application/json","host":"localhost:20129","sec-fetch-mode":"cors","user-agent":"node","x-forwarded-for":"::1","x-forwarded-host":"localhost:20129","x-forwarded-port":"20129","x-forwarded-proto":"http"}
[2026-04-02T19:37:04.052Z] handleChat returned, success: false
[2026-04-02T19:37:33.103Z] /v1/chat/completions POST received, headers: {"accept":"*/*","accept-encoding":"gzip, deflate","accept-language":"*","authorization":"Bearer sk-b3a3bc62424af4a4-h4on9e-d3eacac8","connection":"keep-alive","content-length":"103","content-type":"application/json","host":"localhost:20129","sec-fetch-mode":"cors","user-agent":"node","x-forwarded-for":"::1","x-forwarded-host":"localhost:20129","x-forwarded-port":"20129","x-forwarded-proto":"http"}
[2026-04-02T19:37:33.113Z] [SSE] Translators initialized
[2026-04-02T19:37:33.123Z] handleChat returned, success: false
[2026-04-02T19:37:43.968Z] /v1/chat/completions POST received, headers: {"accept":"*/*","accept-encoding":"gzip, deflate","accept-language":"*","authorization":"Bearer sk-b3a3bc62424af4a4-zsd551-812f9dfe","connection":"keep-alive","content-length":"103","content-type":"application/json","host":"localhost:20129","sec-fetch-mode":"cors","user-agent":"node","x-forwarded-for":"::1","x-forwarded-host":"localhost:20129","x-forwarded-port":"20129","x-forwarded-proto":"http"}
[2026-04-02T19:37:43.978Z] handleChat returned, success: false
[2026-04-02T19:39:15.671Z] /v1/chat/completions POST received, headers: {"accept":"*/*","accept-encoding":"gzip, deflate","accept-language":"*","authorization":"Bearer sk-b3a3bc62424af4a4-zsd551-812f9dfe","connection":"keep-alive","content-length":"103","content-type":"application/json","host":"localhost:20129","sec-fetch-mode":"cors","user-agent":"node","x-forwarded-for":"::1","x-forwarded-host":"localhost:20129","x-forwarded-port":"20129","x-forwarded-proto":"http"}
[2026-04-02T19:39:15.680Z] [SSE] Translators initialized
[2026-04-02T19:39:25.859Z] handleChat returned, success: true
[2026-04-02T19:42:09.836Z] /v1/chat/completions POST received, headers: {"accept":"*/*","accept-encoding":"gzip, deflate","accept-language":"*","authorization":"Bearer sk-b3a3bc62424af4a4-zsd551-812f9dfe","connection":"keep-alive","content-length":"103","content-type":"application/json","host":"localhost:20129","sec-fetch-mode":"cors","user-agent":"node","x-forwarded-for":"::1","x-forwarded-host":"localhost:20129","x-forwarded-port":"20129","x-forwarded-proto":"http"}
[2026-04-02T19:42:09.842Z] [SSE] Translators initialized
[2026-04-02T19:42:20.300Z] handleChat returned, success: true
[2026-04-02T19:44:04.838Z] /v1/chat/completions POST received, headers: {"accept":"*/*","accept-encoding":"gzip, deflate","accept-language":"*","authorization":"Bearer sk-b3a3bc62424af4a4-zsd551-812f9dfe","connection":"keep-alive","content-length":"103","content-type":"application/json","host":"localhost:20129","sec-fetch-mode":"cors","user-agent":"node","x-forwarded-for":"::1","x-forwarded-host":"localhost:20129","x-forwarded-port":"20129","x-forwarded-proto":"http"}
[2026-04-02T19:44:10.534Z] handleChat returned, success: true
[2026-04-02T19:45:37.734Z] /v1/chat/completions POST received, headers: {"accept":"*/*","accept-encoding":"gzip, deflate","accept-language":"*","authorization":"Bearer sk-b3a3bc62424af4a4-zsd551-812f9dfe","connection":"keep-alive","content-length":"103","content-type":"application/json","host":"localhost:20129","sec-fetch-mode":"cors","user-agent":"node","x-forwarded-for":"::1","x-forwarded-host":"localhost:20129","x-forwarded-port":"20129","x-forwarded-proto":"http"}
[2026-04-02T19:45:37.743Z] [SSE] Translators initialized
[2026-04-02T19:45:39.432Z] handleChat returned, success: true
[2026-04-02T19:48:16.336Z] /v1/chat/completions POST received, headers: {"accept":"*/*","accept-encoding":"gzip, deflate","accept-language":"*","authorization":"Bearer sk-b3a3bc62424af4a4-zsd551-812f9dfe","connection":"keep-alive","content-length":"103","content-type":"application/json","host":"localhost:20129","sec-fetch-mode":"cors","user-agent":"node","x-forwarded-for":"::1","x-forwarded-host":"localhost:20129","x-forwarded-port":"20129","x-forwarded-proto":"http"}
[2026-04-02T19:48:16.346Z] [SSE] Translators initialized
[2026-04-02T19:48:18.926Z] handleChat returned, success: true
